<?xml version="1.0" encoding="UTF-8"?>
<!-- Generated by org.testng.reporters.JUnitXMLReporter -->
<testsuite ignored="0" hostname="IM-LP-1238" failures="0" tests="4" name="Smoke Suite" time="106.387" errors="0" timestamp="2024-04-25T23:48:44 IST">
  <testcase classname="com.crm.qa.testcases.LoginPageTest" name="loginPageTitleTest" time="0.032"/>
  <testcase classname="com.crm.qa.testcases.LoginPageTest" name="crmImageTest" time="0.148"/>
  <testcase classname="com.crm.qa.testcases.LoginPageTest" name="signUpLinkTest" time="0.097"/>
  <testcase classname="com.crm.qa.testcases.LoginPageTest" name="loginTest" time="19.639"/>
</testsuite> <!-- Smoke Suite -->
