<?xml version="1.0" encoding="UTF-8"?>
<!-- Generated by org.testng.reporters.JUnitXMLReporter -->
<testsuite ignored="0" hostname="IM-LP-1238" failures="0" tests="4" name="Default test" time="86.154" errors="0" timestamp="2024-04-25T23:46:01 IST">
  <testcase classname="com.crm.qa.testcases.LoginPageTest" name="loginPageTitleTest" time="0.038"/>
  <testcase classname="com.crm.qa.testcases.LoginPageTest" name="crmImageTest" time="0.124"/>
  <testcase classname="com.crm.qa.testcases.LoginPageTest" name="signUpLinkTest" time="0.061"/>
  <testcase classname="com.crm.qa.testcases.LoginPageTest" name="loginTest" time="20.693"/>
</testsuite> <!-- Default test -->
