<?xml version="1.0" encoding="UTF-8"?>
<!-- Generated by org.testng.reporters.JUnitXMLReporter -->
<testsuite ignored="0" hostname="IM-LP-1238" failures="0" tests="7" name="Smoke Suite" time="221.519" errors="0" timestamp="2024-04-09T23:31:28 IST">
  <testcase classname="com.crm.qa.testcases.LoginPageTest" name="loginPageTitleTest" time="0.013"/>
  <testcase classname="com.crm.qa.testcases.LoginPageTest" name="crmImageTest" time="0.071"/>
  <testcase classname="com.crm.qa.testcases.LoginPageTest" name="signUpLinkTest" time="0.048"/>
  <testcase classname="com.crm.qa.testcases.LoginPageTest" name="loginTest" time="18.617"/>
  <testcase classname="com.crm.qa.testcases.HomePageTest" name="homePageTitleTest" time="0.016"/>
  <testcase classname="com.crm.qa.testcases.HomePageTest" name="userNameLabelTest" time="0.058"/>
  <testcase classname="com.crm.qa.testcases.HomePageTest" name="contactsLinkTest" time="7.792"/>
</testsuite> <!-- Smoke Suite -->
