<?xml version="1.0" encoding="UTF-8"?>
<testng-results ignored="0" total="4" passed="4" failed="0" skipped="0">
  <reporter-output>
  </reporter-output>
  <suite started-at="2024-04-25T23:44:35 IST" name="Default suite" finished-at="2024-04-25T23:46:01 IST" duration-ms="86154">
    <groups>
    </groups>
    <test started-at="2024-04-25T23:44:35 IST" name="Default test" finished-at="2024-04-25T23:46:01 IST" duration-ms="86154">
      <class name="com.crm.qa.testcases.LoginPageTest">
        <test-method is-config="true" signature="setUp()[pri:0, instance:com.crm.qa.testcases.LoginPageTest@2ed2d9cb]" started-at="2024-04-25T23:44:35 IST" name="setUp" finished-at="2024-04-25T23:44:48 IST" duration-ms="12981" status="PASS">
          <reporter-output>
          </reporter-output>
        </test-method> <!-- setUp -->
        <test-method signature="loginPageTitleTest()[pri:1, instance:com.crm.qa.testcases.LoginPageTest@2ed2d9cb]" started-at="2024-04-25T23:44:48 IST" name="loginPageTitleTest" finished-at="2024-04-25T23:44:48 IST" duration-ms="38" status="PASS">
          <reporter-output>
          </reporter-output>
        </test-method> <!-- loginPageTitleTest -->
        <test-method is-config="true" signature="tearDown()[pri:0, instance:com.crm.qa.testcases.LoginPageTest@2ed2d9cb]" started-at="2024-04-25T23:44:48 IST" name="tearDown" finished-at="2024-04-25T23:44:49 IST" duration-ms="262" status="PASS">
          <reporter-output>
          </reporter-output>
        </test-method> <!-- tearDown -->
        <test-method is-config="true" signature="setUp()[pri:0, instance:com.crm.qa.testcases.LoginPageTest@2ed2d9cb]" started-at="2024-04-25T23:44:49 IST" name="setUp" finished-at="2024-04-25T23:45:09 IST" duration-ms="20801" status="PASS">
          <reporter-output>
          </reporter-output>
        </test-method> <!-- setUp -->
        <test-method signature="crmImageTest()[pri:2, instance:com.crm.qa.testcases.LoginPageTest@2ed2d9cb]" started-at="2024-04-25T23:45:09 IST" name="crmImageTest" finished-at="2024-04-25T23:45:09 IST" duration-ms="124" status="PASS">
          <reporter-output>
          </reporter-output>
        </test-method> <!-- crmImageTest -->
        <test-method is-config="true" signature="tearDown()[pri:0, instance:com.crm.qa.testcases.LoginPageTest@2ed2d9cb]" started-at="2024-04-25T23:45:10 IST" name="tearDown" finished-at="2024-04-25T23:45:10 IST" duration-ms="271" status="PASS">
          <reporter-output>
          </reporter-output>
        </test-method> <!-- tearDown -->
        <test-method is-config="true" signature="setUp()[pri:0, instance:com.crm.qa.testcases.LoginPageTest@2ed2d9cb]" started-at="2024-04-25T23:45:10 IST" name="setUp" finished-at="2024-04-25T23:45:27 IST" duration-ms="17273" status="PASS">
          <reporter-output>
          </reporter-output>
        </test-method> <!-- setUp -->
        <test-method signature="signUpLinkTest()[pri:3, instance:com.crm.qa.testcases.LoginPageTest@2ed2d9cb]" started-at="2024-04-25T23:45:27 IST" name="signUpLinkTest" finished-at="2024-04-25T23:45:27 IST" duration-ms="61" status="PASS">
          <reporter-output>
          </reporter-output>
        </test-method> <!-- signUpLinkTest -->
        <test-method is-config="true" signature="tearDown()[pri:0, instance:com.crm.qa.testcases.LoginPageTest@2ed2d9cb]" started-at="2024-04-25T23:45:27 IST" name="tearDown" finished-at="2024-04-25T23:45:27 IST" duration-ms="239" status="PASS">
          <reporter-output>
          </reporter-output>
        </test-method> <!-- tearDown -->
        <test-method is-config="true" signature="setUp()[pri:0, instance:com.crm.qa.testcases.LoginPageTest@2ed2d9cb]" started-at="2024-04-25T23:45:27 IST" name="setUp" finished-at="2024-04-25T23:45:40 IST" duration-ms="13077" status="PASS">
          <reporter-output>
          </reporter-output>
        </test-method> <!-- setUp -->
        <test-method signature="loginTest()[pri:4, instance:com.crm.qa.testcases.LoginPageTest@2ed2d9cb]" started-at="2024-04-25T23:45:40 IST" name="loginTest" finished-at="2024-04-25T23:46:01 IST" duration-ms="20693" status="PASS">
          <reporter-output>
          </reporter-output>
        </test-method> <!-- loginTest -->
        <test-method is-config="true" signature="tearDown()[pri:0, instance:com.crm.qa.testcases.LoginPageTest@2ed2d9cb]" started-at="2024-04-25T23:46:01 IST" name="tearDown" finished-at="2024-04-25T23:46:01 IST" duration-ms="274" status="PASS">
          <reporter-output>
          </reporter-output>
        </test-method> <!-- tearDown -->
      </class> <!-- com.crm.qa.testcases.LoginPageTest -->
    </test> <!-- Default test -->
  </suite> <!-- Default suite -->
</testng-results>
